# Conditions read from  CMS_CONDITIONS  via FrontierProd 
DEBUG 2016-05-26 03:47:54,684: 	 Executing command: 'submit'
DEBUG 2016-05-26 03:47:54,685: 	 Found CRAB cache file /afs/cern.ch/user/a/abdatta/.crab3
DEBUG 2016-05-26 03:47:54,698: 	 Checking credentials
DEBUG 2016-05-26 03:47:54,700: 	 Found proxy file /tmp/x509up_u86432
DEBUG 2016-05-26 03:47:54,700: 	 Getting proxy life time left
DEBUG 2016-05-26 03:47:55,205: 	 Executing : 
 command : voms-proxy-info -file /tmp/x509up_u86432 -timeleft
 output : 0

 error: 
 retcode : 0
DEBUG 2016-05-26 03:47:55,205: 	 Proxy valid for 00:00:00 hours
DEBUG 2016-05-26 03:47:55,205: 	 Creating new proxy for 24:00 hours with VO group '' and VO role 'NULL'.
DEBUG 2016-05-26 03:48:01,228: 	 Executing : 
 command : voms-proxy-init -voms cms:/cms -valid 24:00 -rfc
 output : None
 error: None
 retcode : 0
DEBUG 2016-05-26 03:48:01,732: 	 Executing : 
 command : voms-proxy-info -file /tmp/x509up_u86432 -timeleft
 output : 86398

 error: 
 retcode : 0
DEBUG 2016-05-26 03:48:02,238: 	 Executing : 
 command : voms-proxy-info -file /tmp/x509up_u86432 -actimeleft
 output : 86397

 error: 
 retcode : 0
DEBUG 2016-05-26 03:48:02,742: 	 Executing : 
 command : env X509_USER_PROXY=/tmp/x509up_u86432 voms-proxy-info -fqan
 output : /cms/Role=NULL/Capability=NULL

 error: 
 retcode : 0
DEBUG 2016-05-26 03:48:02,742: 	 Proxy created.
INFO 2016-05-26 03:48:02,742: 	 Will use CRAB configuration file crabConfig_analyzer.py
DEBUG 2016-05-26 03:48:02,742: 	 Loading CRAB configuration file.
DEBUG 2016-05-26 03:48:02,770: 	 Will use CRAB Analysis plugin (i.e. will run an analysis job type).
DEBUG 2016-05-26 03:48:02,884: 	 Executing : 
 command : openssl x509 -in ~/.globus/usercert.pem -subject -noout
 output : subject= /DC=ch/DC=cern/OU=Organic Units/OU=Users/CN=abdatta/CN=784482/CN=Abhisek Datta

 error: 
 retcode : 0
DEBUG 2016-05-26 03:48:02,884: 	 Checking credentials
DEBUG 2016-05-26 03:48:02,884: 	 Found proxy file /tmp/x509up_u86432
DEBUG 2016-05-26 03:48:02,884: 	 Getting proxy life time left
DEBUG 2016-05-26 03:48:03,389: 	 Executing : 
 command : voms-proxy-info -file /tmp/x509up_u86432 -timeleft
 output : 86396

 error: 
 retcode : 0
DEBUG 2016-05-26 03:48:03,895: 	 Executing : 
 command : voms-proxy-info -file /tmp/x509up_u86432 -actimeleft
 output : 86396

 error: 
 retcode : 0
DEBUG 2016-05-26 03:48:03,896: 	 Proxy valid for 23:59:56 hours
DEBUG 2016-05-26 03:48:04,399: 	 Executing : 
 command : env X509_USER_PROXY=/tmp/x509up_u86432 voms-proxy-info -fqan
 output : /cms/Role=NULL/Capability=NULL

 error: 
 retcode : 0
DEBUG 2016-05-26 03:48:04,842: 	 Registering user credentials for server /DC=ch/DC=cern/OU=computers/CN=vocms(045|052|021|031|0118|0118a|0119).cern.ch
DEBUG 2016-05-26 03:48:04,956: 	 Executing : 
 command : openssl x509 -in ~/.globus/usercert.pem -subject -noout
 output : subject= /DC=ch/DC=cern/OU=Organic Units/OU=Users/CN=abdatta/CN=784482/CN=Abhisek Datta

 error: 
 retcode : 0
DEBUG 2016-05-26 03:48:04,956: 	 Getting myproxy life time left for myproxy.cern.ch
DEBUG 2016-05-26 03:48:04,956: 	 Calculating hash of /DC=ch/DC=cern/OU=Organic Units/OU=Users/CN=abdatta/CN=784482/CN=Abhisek Datta_cmsweb.cern.ch for credential name
DEBUG 2016-05-26 03:48:05,459: 	 Executing : 
 command : myproxy-info -l 147b8c3da9d23579848826476626ada93092acc2 -s myproxy.cern.ch
 output : username: 147b8c3da9d23579848826476626ada93092acc2
owner: /DC=ch/DC=cern/OU=Organic Units/OU=Users/CN=abdatta/CN=784482/CN=Abhisek Datta
  renewal policy: /DC=ch/DC=cern/OU=computers/CN=vocms(045|052|021|031|0118|0118a|0119).cern.ch
  trusted retrieval policy: /DC=ch/DC=cern/OU=computers/CN=vocms(045|052|021|031|0118|0118a|0119).cern.ch
  timeleft: 625:06:29  (26.0 days)

 error: 
 retcode : 0
DEBUG 2016-05-26 03:48:05,460: 	 Myproxy is valid: 2250389
DEBUG 2016-05-26 03:48:05,460: 	 Command use: submit
DEBUG 2016-05-26 03:48:05,460: 	 Options use: ['-c', 'crabConfig_analyzer.py']
DEBUG 2016-05-26 03:48:05,842: 	 CRABClient version: 3.3.1605
DEBUG 2016-05-26 03:48:05,842: 	 Instance is prod
DEBUG 2016-05-26 03:48:05,842: 	 Server base url is cmsweb.cern.ch
DEBUG 2016-05-26 03:48:05,842: 	 Command url /crabserver/prod/workflow
DEBUG 2016-05-26 03:48:05,842: 	 Started submission
DEBUG 2016-05-26 03:48:05,842: 	 Working on /afs/cern.ch/user/a/abdatta/test/CMSSW_7_6_3_patch2/src/Analyzers/crab_projects/crab_ttH_Analyzer_ntuple_tau_tau
DEBUG 2016-05-26 03:48:06,401: 	 Loading required information from the environment
DEBUG 2016-05-26 03:48:06,402: 	 Found CMSSW_7_6_3_patch2 for slc6_amd64_gcc493 with base /afs/cern.ch/user/a/abdatta/test/CMSSW_7_6_3_patch2
DEBUG 2016-05-26 03:48:06,427: 	 UNIQUE NAME: tarUUID b7d4540f-07c1-4953-b691-2f396deef16d 
DEBUG 2016-05-26 03:48:06,427: 	 self.config: from WMCore.Configuration import Configuration
config = Configuration()
config.section_('General')
config.General.transferLogs = True
config.General.transferOutputs = True
config.General.workArea = 'crab_projects'
config.General.requestName = 'ttH_Analyzer_ntuple_tau_tau'
config.section_('JobType')
config.JobType.psetName = 'ttH_analyzer/test/CU_ttH_EDA_cfg.py'
config.JobType.pluginName = 'Analysis'
config.section_('Data')
config.Data.outputDatasetTag = 'ttH_Analyzer_ntuple_tau_tau'
config.Data.publication = True
config.Data.unitsPerJob = 1
config.Data.userInputFiles = ['/store/mc/RunIIFall15MiniAODv2/ttHJetToTT_M125_13TeV_amcatnloFXFX_madspin_pythia8/MINIAODSIM/PU25nsData2015v1_76X_mcRun2_asymptotic_v12-v3/60000/0C6DA13E-38C8-E511-8F6E-00259055220A.root']
config.Data.splitting = 'FileBased'
config.Data.outLFNDirBase = '/store/user/abdatta/'
config.Data.outputPrimaryDataset = 'ttH_Analyzer'
config.section_('Site')
config.Site.whitelist = ['T3_US_Cornell']
config.Site.storageSite = 'T3_US_Cornell'
config.section_('User')
config.section_('Debug')

DEBUG 2016-05-26 03:48:06,428: 	 self.config.JobType.psetName: ttH_analyzer/test/CU_ttH_EDA_cfg.py
INFO 2016-05-26 03:48:06,430: 	 Importing CMSSW configuration ttH_analyzer/test/CU_ttH_EDA_cfg.py
INFO 2016-05-26 03:48:08,325: 	 Finished importing CMSSW configuration ttH_analyzer/test/CU_ttH_EDA_cfg.py
DEBUG 2016-05-26 03:48:08,325: 	 Writing CMSSW configuration to /afs/cern.ch/user/a/abdatta/test/CMSSW_7_6_3_patch2/src/Analyzers/crab_projects/crab_ttH_Analyzer_ntuple_tau_tau/inputs/PSet.py
DEBUG 2016-05-26 03:48:08,367: 	 The following EDM output files will be collected: []
DEBUG 2016-05-26 03:48:08,368: 	 The following TFile output files will be collected: ['ttHtausNtuple.root']
DEBUG 2016-05-26 03:48:08,368: 	 The following user output files will be collected: []
DEBUG 2016-05-26 03:48:08,368: 	 Loading required information from the environment
DEBUG 2016-05-26 03:48:08,368: 	 Found CMSSW_7_6_3_patch2 for slc6_amd64_gcc493 with base /afs/cern.ch/user/a/abdatta/test/CMSSW_7_6_3_patch2
DEBUG 2016-05-26 03:48:08,368: 	 Making tarball in /afs/cern.ch/user/a/abdatta/test/CMSSW_7_6_3_patch2/src/Analyzers/crab_projects/crab_ttH_Analyzer_ntuple_tau_tau/inputs/b7d4540f-07c1-4953-b691-2f396deef16ddefault.tgz
DEBUG 2016-05-26 03:48:08,368: 	 Checking directory /afs/cern.ch/user/a/abdatta/test/CMSSW_7_6_3_patch2/lib
DEBUG 2016-05-26 03:48:08,368: 	 Adding directory /afs/cern.ch/user/a/abdatta/test/CMSSW_7_6_3_patch2/lib to tarball
DEBUG 2016-05-26 03:48:08,971: 	 Checking directory /afs/cern.ch/user/a/abdatta/test/CMSSW_7_6_3_patch2/biglib
DEBUG 2016-05-26 03:48:08,971: 	 Adding directory /afs/cern.ch/user/a/abdatta/test/CMSSW_7_6_3_patch2/biglib to tarball
DEBUG 2016-05-26 03:48:08,971: 	 Checking directory /afs/cern.ch/user/a/abdatta/test/CMSSW_7_6_3_patch2/module
DEBUG 2016-05-26 03:48:09,892: 	 Adding data directory /afs/cern.ch/user/a/abdatta/test/CMSSW_7_6_3_patch2/src/Analyzers/ttH_analyzer/data to tarball
DEBUG 2016-05-26 03:48:09,973: 	 Adding data directory /afs/cern.ch/user/a/abdatta/test/CMSSW_7_6_3_patch2/src/Analyzers/ttH_analyzer/interface to tarball
DEBUG 2016-05-26 03:48:10,011: 	 Adding data directory /afs/cern.ch/user/a/abdatta/test/CMSSW_7_6_3_patch2/src/MiniAOD/BoostedObjects/interface to tarball
DEBUG 2016-05-26 03:48:10,029: 	 Adding data directory /afs/cern.ch/user/a/abdatta/test/CMSSW_7_6_3_patch2/src/MiniAOD/MiniAODHelper/data to tarball
DEBUG 2016-05-26 03:48:11,372: 	 Adding data directory /afs/cern.ch/user/a/abdatta/test/CMSSW_7_6_3_patch2/src/MiniAOD/MiniAODHelper/interface to tarball
DEBUG 2016-05-26 03:48:11,424: 	 Adding data directory /afs/cern.ch/user/a/abdatta/test/CMSSW_7_6_3_patch2/src/ttH/LeptonID/data to tarball
DEBUG 2016-05-26 03:48:11,849: 	 Uploading archive /afs/cern.ch/user/a/abdatta/test/CMSSW_7_6_3_patch2/src/Analyzers/crab_projects/crab_ttH_Analyzer_ntuple_tau_tau/inputs/b7d4540f-07c1-4953-b691-2f396deef16ddefault.tgz to the CRAB cache. Using URI https://cmsweb.cern.ch/crabcache
DEBUG 2016-05-26 03:48:14,653: 	 Result uploading input files: 2d10fe2ad066684da7399eb5c0c64ea7cb3aef614cacc05d632228d93a6222d1.tar.gz 
DEBUG 2016-05-26 03:48:14,653: 	 Attaching list of user-specified primary input files.
WARNING 2016-05-26 03:48:14,653: 	 Warning: The following output files will not be published, as they are not EDM files: ['ttHtausNtuple.root']
INFO 2016-05-26 03:48:14,654: 	 Sending the request to the server
DEBUG 2016-05-26 03:48:14,654: 	 Submitting {'maxjobruntime': 1250, 'adduserfiles': [], 'ignorelocality': 0, 'savelogsflag': 1, 'useparent': 0, 'asyncdest': 'T3_US_Cornell', 'algoargs': 1, 'cachefilename': '2d10fe2ad066684da7399eb5c0c64ea7cb3aef614cacc05d632228d93a6222d1.tar.gz', 'numcores': 1, 'addoutputfiles': [], 'generator': 'pythia', 'maxmemory': 2000, 'publishdbsurl': 'https://cmsweb.cern.ch/dbs/prod/phys03/DBSWriter', 'priority': 10, 'jobsw': 'CMSSW_7_6_3_patch2', 'edmoutfiles': [], 'userfiles': set(['/store/mc/RunIIFall15MiniAODv2/ttHJetToTT_M125_13TeV_amcatnloFXFX_madspin_pythia8/MINIAODSIM/PU25nsData2015v1_76X_mcRun2_asymptotic_v12-v3/60000/0C6DA13E-38C8-E511-8F6E-00259055220A.root']), 'primarydataset': 'ttH_Analyzer', 'inputdata': '', 'lfn': '/store/user/abdatta/', 'dryrun': 0, 'workflow': 'crab_ttH_Analyzer_ntuple_tau_tau', 'sitewhitelist': ['T3_US_Cornell'], 'nonprodsw': 0, 'tfileoutfiles': ['ttHtausNtuple.root'], 'oneEventMode': 0, 'cacheurl': 'https://cmsweb.cern.ch/crabcache', 'saveoutput': 1, 'publication': 1, 'jobarch': 'slc6_amd64_gcc493', 'totalunits': 0, 'splitalgo': 'FileBased', 'nonvaliddata': 0, 'dbsurl': 'https://cmsweb.cern.ch/dbs/prod/global/DBSReader', 'publishgroupname': 0, 'jobtype': 'Analysis', 'publishname2': 'ttH_Analyzer_ntuple_tau_tau'} 
DEBUG 2016-05-26 03:48:14,654: 	 Encoded submit request: maxjobruntime=1250&ignorelocality=0&savelogsflag=1&useparent=0&asyncdest=T3_US_Cornell&algoargs=1&cachefilename=2d10fe2ad066684da7399eb5c0c64ea7cb3aef614cacc05d632228d93a6222d1.tar.gz&numcores=1&generator=pythia&maxmemory=2000&publishdbsurl=https%3A%2F%2Fcmsweb.cern.ch%2Fdbs%2Fprod%2Fphys03%2FDBSWriter&priority=10&jobsw=CMSSW_7_6_3_patch2&primarydataset=ttH_Analyzer&inputdata=&lfn=%2Fstore%2Fuser%2Fabdatta%2F&dryrun=0&workflow=crab_ttH_Analyzer_ntuple_tau_tau&nonprodsw=0&oneEventMode=0&cacheurl=https%3A%2F%2Fcmsweb.cern.ch%2Fcrabcache&saveoutput=1&publication=1&jobarch=slc6_amd64_gcc493&totalunits=0&splitalgo=FileBased&nonvaliddata=0&dbsurl=https%3A%2F%2Fcmsweb.cern.ch%2Fdbs%2Fprod%2Fglobal%2FDBSReader&publishgroupname=0&jobtype=Analysis&publishname2=ttH_Analyzer_ntuple_tau_tau&sitewhitelist=T3_US_Cornell&tfileoutfiles=ttHtausNtuple.root&userfiles=/store/mc/RunIIFall15MiniAODv2/ttHJetToTT_M125_13TeV_amcatnloFXFX_madspin_pythia8/MINIAODSIM/PU25nsData2015v1_76X_mcRun2_asymptotic_v12-v3/60000/0C6DA13E-38C8-E511-8F6E-00259055220A.root
DEBUG 2016-05-26 03:48:16,138: 	 Result: {'result': [{'RequestName': '160526_014815:abdatta_crab_ttH_Analyzer_ntuple_tau_tau'}]}
INFO 2016-05-26 03:48:16,141: 	 Success: Your task has been delivered to the CRAB3 server.
INFO 2016-05-26 03:48:16,141: 	 Task name: 160526_014815:abdatta_crab_ttH_Analyzer_ntuple_tau_tau
INFO 2016-05-26 03:48:16,141: 	 Please use 'crab status' to check how the submission process proceeds.
DEBUG 2016-05-26 03:48:16,141: 	 About to return
INFO 2016-05-26 03:48:16,145: 	 Log file is /afs/cern.ch/user/a/abdatta/test/CMSSW_7_6_3_patch2/src/Analyzers/crab_projects/crab_ttH_Analyzer_ntuple_tau_tau/crab.log
DEBUG 2016-05-26 03:59:04,868: 	 Executing command: 'status'
DEBUG 2016-05-26 03:59:04,869: 	 Found CRAB cache file /afs/cern.ch/user/a/abdatta/.crab3
DEBUG 2016-05-26 03:59:04,881: 	 Checking credentials
DEBUG 2016-05-26 03:59:04,883: 	 Found proxy file /tmp/x509up_u86432
DEBUG 2016-05-26 03:59:04,883: 	 Getting proxy life time left
DEBUG 2016-05-26 03:59:05,388: 	 Executing : 
 command : voms-proxy-info -file /tmp/x509up_u86432 -timeleft
 output : 85734

 error: 
 retcode : 0
DEBUG 2016-05-26 03:59:05,894: 	 Executing : 
 command : voms-proxy-info -file /tmp/x509up_u86432 -actimeleft
 output : 85734

 error: 
 retcode : 0
DEBUG 2016-05-26 03:59:05,895: 	 Proxy valid for 23:48:54 hours
DEBUG 2016-05-26 03:59:06,009: 	 Executing : 
 command : openssl x509 -in ~/.globus/usercert.pem -subject -noout
 output : subject= /DC=ch/DC=cern/OU=Organic Units/OU=Users/CN=abdatta/CN=784482/CN=Abhisek Datta

 error: 
 retcode : 0
DEBUG 2016-05-26 03:59:06,009: 	 Checking credentials
DEBUG 2016-05-26 03:59:06,009: 	 Found proxy file /tmp/x509up_u86432
DEBUG 2016-05-26 03:59:06,009: 	 Getting proxy life time left
DEBUG 2016-05-26 03:59:06,513: 	 Executing : 
 command : voms-proxy-info -file /tmp/x509up_u86432 -timeleft
 output : 85733

 error: 
 retcode : 0
DEBUG 2016-05-26 03:59:07,019: 	 Executing : 
 command : voms-proxy-info -file /tmp/x509up_u86432 -actimeleft
 output : 85733

 error: 
 retcode : 0
DEBUG 2016-05-26 03:59:07,019: 	 Proxy valid for 23:48:53 hours
DEBUG 2016-05-26 03:59:07,466: 	 Registering user credentials for server /DC=ch/DC=cern/OU=computers/CN=vocms(045|052|021|031|0118|0118a|0119).cern.ch
DEBUG 2016-05-26 03:59:07,583: 	 Executing : 
 command : openssl x509 -in ~/.globus/usercert.pem -subject -noout
 output : subject= /DC=ch/DC=cern/OU=Organic Units/OU=Users/CN=abdatta/CN=784482/CN=Abhisek Datta

 error: 
 retcode : 0
DEBUG 2016-05-26 03:59:07,583: 	 Getting myproxy life time left for myproxy.cern.ch
DEBUG 2016-05-26 03:59:07,583: 	 Calculating hash of /DC=ch/DC=cern/OU=Organic Units/OU=Users/CN=abdatta/CN=784482/CN=Abhisek Datta_cmsweb.cern.ch for credential name
DEBUG 2016-05-26 03:59:08,388: 	 Executing : 
 command : myproxy-info -l 147b8c3da9d23579848826476626ada93092acc2 -s myproxy.cern.ch
 output : username: 147b8c3da9d23579848826476626ada93092acc2
owner: /DC=ch/DC=cern/OU=Organic Units/OU=Users/CN=abdatta/CN=784482/CN=Abhisek Datta
  renewal policy: /DC=ch/DC=cern/OU=computers/CN=vocms(045|052|021|031|0118|0118a|0119).cern.ch
  trusted retrieval policy: /DC=ch/DC=cern/OU=computers/CN=vocms(045|052|021|031|0118|0118a|0119).cern.ch
  timeleft: 624:55:26  (26.0 days)

 error: 
 retcode : 0
DEBUG 2016-05-26 03:59:08,389: 	 Myproxy is valid: 2249726
DEBUG 2016-05-26 03:59:08,389: 	 Command use: status
DEBUG 2016-05-26 03:59:08,389: 	 Options use: ['-d', 'crab_projects/crab_ttH_Analyzer_ntuple_tau_tau', '--long']
DEBUG 2016-05-26 03:59:09,180: 	 CRABClient version: 3.3.1605
DEBUG 2016-05-26 03:59:09,180: 	 Instance is prod
DEBUG 2016-05-26 03:59:09,180: 	 Server base url is cmsweb.cern.ch
DEBUG 2016-05-26 03:59:09,180: 	 Command url /crabserver/prod/workflow
DEBUG 2016-05-26 03:59:09,180: 	 Looking up detailed status of task 160526_014815:abdatta_crab_ttH_Analyzer_ntuple_tau_tau
DEBUG 2016-05-26 03:59:12,620: 	 {'status': 'SUBMITTED', 'schedd': 'crab3test-3@vocms096.cern.ch', 'jobsPerStatus': {'idle': 1}, 'jobs': {'1': {'Retries': 0, 'WallDurations': [0], 'StartTimes': [], 'SubmitTimes': [1464227387.0], 'JobIds': ['10738250.0'], 'EndTimes': [], 'Restarts': 0, 'RecordedSite': False, 'State': 'idle', 'ResidentSetSize': [0], 'TotalUserCpuTimeHistory': [0.0], 'SiteHistory': ['Unknown'], 'TotalSysCpuTimeHistory': [0.0]}}, 'publication': {}, 'taskWarningMsg': [], 'publicationFailures': {}, 'outdatasets': None, 'statusFailureMsg': '', 'taskFailureMsg': '', 'failedJobdefs': 0, 'command': 'SUBMIT', 'totalJobdefs': 0, 'ASOURL': 'https://cmsweb.cern.ch/couchdb2', 'jobdefErrors': [], 'collector': 'cmsgwms-collector-global.cern.ch,cmssrv221.fnal.gov', 'jobList': [['idle', 1]]}
INFO 2016-05-26 03:59:12,621: 	 CRAB project directory:		/afs/cern.ch/user/a/abdatta/test/CMSSW_7_6_3_patch2/src/Analyzers/crab_projects/crab_ttH_Analyzer_ntuple_tau_tau
INFO 2016-05-26 03:59:12,621: 	 Task name:			160526_014815:abdatta_crab_ttH_Analyzer_ntuple_tau_tau
INFO 2016-05-26 03:59:12,621: 	 Grid scheduler:			crab3test-3@vocms096.cern.ch
INFO 2016-05-26 03:59:12,621: 	 Task status:			SUBMITTED
INFO 2016-05-26 03:59:12,621: 	 Dashboard monitoring URL:	http://dashb-cms-job.cern.ch/dashboard/templates/task-analysis/#user=crab&refresh=0&table=Jobs&p=1&records=25&activemenu=2&status=&site=&tid=160526_014815%3Aabdatta_crab_ttH_Analyzer_ntuple_tau_tau
INFO 2016-05-26 03:59:12,621: 	 
Jobs status:			idle          100.0% (1/1)
INFO 2016-05-26 03:59:12,621: 	 
No publication information available yet
INFO 2016-05-26 03:59:12,621: 	 
Extended Job Status Table:

 Job State        Most Recent Site        Runtime   Mem (MB)      CPU %    Retries   Restarts      Waste       Exit Code
   1 idle         Unknown                 0:00:00          0    Unknown          0          0    0:00:00         Unknown
DEBUG 2016-05-26 03:59:12,621: 	 
 Job Cluster Id
   1 ['10738250.0']
INFO 2016-05-26 03:59:12,621: 	 
Summary:
 * Memory: 0MB min, 0MB max, 0MB ave
 * Runtime: 0:00:00 min, 0:00:00 max, 0:00:00 ave

INFO 2016-05-26 03:59:12,625: 	 Log file is /afs/cern.ch/user/a/abdatta/test/CMSSW_7_6_3_patch2/src/Analyzers/crab_projects/crab_ttH_Analyzer_ntuple_tau_tau/crab.log
DEBUG 2016-05-26 04:06:08,932: 	 Executing command: 'status'
DEBUG 2016-05-26 04:06:08,933: 	 Found CRAB cache file /afs/cern.ch/user/a/abdatta/.crab3
DEBUG 2016-05-26 04:06:08,946: 	 Checking credentials
DEBUG 2016-05-26 04:06:08,949: 	 Found proxy file /tmp/x509up_u86432
DEBUG 2016-05-26 04:06:08,949: 	 Getting proxy life time left
DEBUG 2016-05-26 04:06:09,453: 	 Executing : 
 command : voms-proxy-info -file /tmp/x509up_u86432 -timeleft
 output : 85310

 error: 
 retcode : 0
DEBUG 2016-05-26 04:06:09,958: 	 Executing : 
 command : voms-proxy-info -file /tmp/x509up_u86432 -actimeleft
 output : 85310

 error: 
 retcode : 0
DEBUG 2016-05-26 04:06:09,958: 	 Proxy valid for 23:41:50 hours
DEBUG 2016-05-26 04:06:10,075: 	 Executing : 
 command : openssl x509 -in ~/.globus/usercert.pem -subject -noout
 output : subject= /DC=ch/DC=cern/OU=Organic Units/OU=Users/CN=abdatta/CN=784482/CN=Abhisek Datta

 error: 
 retcode : 0
DEBUG 2016-05-26 04:06:10,076: 	 Checking credentials
DEBUG 2016-05-26 04:06:10,076: 	 Found proxy file /tmp/x509up_u86432
DEBUG 2016-05-26 04:06:10,076: 	 Getting proxy life time left
DEBUG 2016-05-26 04:06:10,582: 	 Executing : 
 command : voms-proxy-info -file /tmp/x509up_u86432 -timeleft
 output : 85309

 error: 
 retcode : 0
DEBUG 2016-05-26 04:06:11,387: 	 Executing : 
 command : voms-proxy-info -file /tmp/x509up_u86432 -actimeleft
 output : 85308

 error: 
 retcode : 0
DEBUG 2016-05-26 04:06:11,387: 	 Proxy valid for 23:41:49 hours
DEBUG 2016-05-26 04:06:11,859: 	 Registering user credentials for server /DC=ch/DC=cern/OU=computers/CN=vocms(045|052|021|031|0118|0118a|0119).cern.ch
DEBUG 2016-05-26 04:06:11,973: 	 Executing : 
 command : openssl x509 -in ~/.globus/usercert.pem -subject -noout
 output : subject= /DC=ch/DC=cern/OU=Organic Units/OU=Users/CN=abdatta/CN=784482/CN=Abhisek Datta

 error: 
 retcode : 0
DEBUG 2016-05-26 04:06:11,974: 	 Getting myproxy life time left for myproxy.cern.ch
DEBUG 2016-05-26 04:06:11,974: 	 Calculating hash of /DC=ch/DC=cern/OU=Organic Units/OU=Users/CN=abdatta/CN=784482/CN=Abhisek Datta_cmsweb.cern.ch for credential name
DEBUG 2016-05-26 04:06:12,477: 	 Executing : 
 command : myproxy-info -l 147b8c3da9d23579848826476626ada93092acc2 -s myproxy.cern.ch
 output : username: 147b8c3da9d23579848826476626ada93092acc2
owner: /DC=ch/DC=cern/OU=Organic Units/OU=Users/CN=abdatta/CN=784482/CN=Abhisek Datta
  renewal policy: /DC=ch/DC=cern/OU=computers/CN=vocms(045|052|021|031|0118|0118a|0119).cern.ch
  trusted retrieval policy: /DC=ch/DC=cern/OU=computers/CN=vocms(045|052|021|031|0118|0118a|0119).cern.ch
  timeleft: 624:48:22  (26.0 days)

 error: 
 retcode : 0
DEBUG 2016-05-26 04:06:12,478: 	 Myproxy is valid: 2249302
DEBUG 2016-05-26 04:06:12,478: 	 Command use: status
DEBUG 2016-05-26 04:06:12,478: 	 Options use: ['-d', 'crab_projects/crab_ttH_Analyzer_ntuple_tau_tau', '--long']
DEBUG 2016-05-26 04:06:15,747: 	 CRABClient version: 3.3.1605
DEBUG 2016-05-26 04:06:15,747: 	 Instance is prod
DEBUG 2016-05-26 04:06:15,747: 	 Server base url is cmsweb.cern.ch
DEBUG 2016-05-26 04:06:15,747: 	 Command url /crabserver/prod/workflow
DEBUG 2016-05-26 04:06:15,748: 	 Looking up detailed status of task 160526_014815:abdatta_crab_ttH_Analyzer_ntuple_tau_tau
DEBUG 2016-05-26 04:06:18,642: 	 {'status': 'SUBMITTED', 'schedd': 'crab3test-3@vocms096.cern.ch', 'jobsPerStatus': {'idle': 1}, 'jobs': {'1': {'Retries': 0, 'WallDurations': [0], 'StartTimes': [], 'SubmitTimes': [1464227387.0], 'JobIds': ['10738250.0'], 'EndTimes': [], 'Restarts': 0, 'RecordedSite': False, 'State': 'idle', 'ResidentSetSize': [0], 'TotalUserCpuTimeHistory': [0.0], 'SiteHistory': ['Unknown'], 'TotalSysCpuTimeHistory': [0.0]}}, 'publication': {}, 'taskWarningMsg': [], 'publicationFailures': {}, 'outdatasets': None, 'statusFailureMsg': '', 'taskFailureMsg': '', 'failedJobdefs': 0, 'command': 'SUBMIT', 'totalJobdefs': 0, 'ASOURL': 'https://cmsweb.cern.ch/couchdb2', 'jobdefErrors': [], 'collector': 'cmsgwms-collector-global.cern.ch,cmssrv221.fnal.gov', 'jobList': [['idle', 1]]}
INFO 2016-05-26 04:06:18,642: 	 CRAB project directory:		/afs/cern.ch/user/a/abdatta/test/CMSSW_7_6_3_patch2/src/Analyzers/crab_projects/crab_ttH_Analyzer_ntuple_tau_tau
INFO 2016-05-26 04:06:18,642: 	 Task name:			160526_014815:abdatta_crab_ttH_Analyzer_ntuple_tau_tau
INFO 2016-05-26 04:06:18,642: 	 Grid scheduler:			crab3test-3@vocms096.cern.ch
INFO 2016-05-26 04:06:18,643: 	 Task status:			SUBMITTED
INFO 2016-05-26 04:06:18,643: 	 Dashboard monitoring URL:	http://dashb-cms-job.cern.ch/dashboard/templates/task-analysis/#user=crab&refresh=0&table=Jobs&p=1&records=25&activemenu=2&status=&site=&tid=160526_014815%3Aabdatta_crab_ttH_Analyzer_ntuple_tau_tau
INFO 2016-05-26 04:06:18,643: 	 
Jobs status:			idle          100.0% (1/1)
INFO 2016-05-26 04:06:18,643: 	 
No publication information available yet
INFO 2016-05-26 04:06:18,644: 	 
Extended Job Status Table:

 Job State        Most Recent Site        Runtime   Mem (MB)      CPU %    Retries   Restarts      Waste       Exit Code
   1 idle         Unknown                 0:00:00          0    Unknown          0          0    0:00:00         Unknown
DEBUG 2016-05-26 04:06:18,644: 	 
 Job Cluster Id
   1 ['10738250.0']
INFO 2016-05-26 04:06:18,644: 	 
Summary:
 * Memory: 0MB min, 0MB max, 0MB ave
 * Runtime: 0:00:00 min, 0:00:00 max, 0:00:00 ave

INFO 2016-05-26 04:06:18,648: 	 Log file is /afs/cern.ch/user/a/abdatta/test/CMSSW_7_6_3_patch2/src/Analyzers/crab_projects/crab_ttH_Analyzer_ntuple_tau_tau/crab.log
DEBUG 2016-05-26 04:14:57,288: 	 Executing command: 'status'
DEBUG 2016-05-26 04:14:57,288: 	 Found CRAB cache file /afs/cern.ch/user/a/abdatta/.crab3
DEBUG 2016-05-26 04:14:57,297: 	 Checking credentials
DEBUG 2016-05-26 04:14:57,298: 	 Found proxy file /tmp/x509up_u86432
DEBUG 2016-05-26 04:14:57,298: 	 Getting proxy life time left
DEBUG 2016-05-26 04:14:58,319: 	 Executing : 
 command : voms-proxy-info -file /tmp/x509up_u86432 -timeleft
 output : 84781

 error: 
 retcode : 0
DEBUG 2016-05-26 04:14:59,246: 	 Executing : 
 command : voms-proxy-info -file /tmp/x509up_u86432 -actimeleft
 output : 84780

 error: 
 retcode : 0
DEBUG 2016-05-26 04:14:59,246: 	 Proxy valid for 23:33:01 hours
DEBUG 2016-05-26 04:14:59,374: 	 Executing : 
 command : openssl x509 -in ~/.globus/usercert.pem -subject -noout
 output : subject= /DC=ch/DC=cern/OU=Organic Units/OU=Users/CN=abdatta/CN=784482/CN=Abhisek Datta

 error: 
 retcode : 0
DEBUG 2016-05-26 04:14:59,374: 	 Checking credentials
DEBUG 2016-05-26 04:14:59,375: 	 Found proxy file /tmp/x509up_u86432
DEBUG 2016-05-26 04:14:59,375: 	 Getting proxy life time left
DEBUG 2016-05-26 04:15:00,204: 	 Executing : 
 command : voms-proxy-info -file /tmp/x509up_u86432 -timeleft
 output : 84779

 error: 
 retcode : 0
DEBUG 2016-05-26 04:15:01,026: 	 Executing : 
 command : voms-proxy-info -file /tmp/x509up_u86432 -actimeleft
 output : 84779

 error: 
 retcode : 0
DEBUG 2016-05-26 04:15:01,026: 	 Proxy valid for 23:32:59 hours
DEBUG 2016-05-26 04:15:01,395: 	 Registering user credentials for server /DC=ch/DC=cern/OU=computers/CN=vocms(045|052|021|031|0118|0118a|0119).cern.ch
DEBUG 2016-05-26 04:15:01,807: 	 Executing : 
 command : openssl x509 -in ~/.globus/usercert.pem -subject -noout
 output : subject= /DC=ch/DC=cern/OU=Organic Units/OU=Users/CN=abdatta/CN=784482/CN=Abhisek Datta

 error: 
 retcode : 0
DEBUG 2016-05-26 04:15:01,807: 	 Getting myproxy life time left for myproxy.cern.ch
DEBUG 2016-05-26 04:15:01,807: 	 Calculating hash of /DC=ch/DC=cern/OU=Organic Units/OU=Users/CN=abdatta/CN=784482/CN=Abhisek Datta_cmsweb.cern.ch for credential name
DEBUG 2016-05-26 04:15:03,227: 	 Executing : 
 command : myproxy-info -l 147b8c3da9d23579848826476626ada93092acc2 -s myproxy.cern.ch
 output : username: 147b8c3da9d23579848826476626ada93092acc2
owner: /DC=ch/DC=cern/OU=Organic Units/OU=Users/CN=abdatta/CN=784482/CN=Abhisek Datta
  renewal policy: /DC=ch/DC=cern/OU=computers/CN=vocms(045|052|021|031|0118|0118a|0119).cern.ch
  trusted retrieval policy: /DC=ch/DC=cern/OU=computers/CN=vocms(045|052|021|031|0118|0118a|0119).cern.ch
  timeleft: 624:39:31  (26.0 days)

 error: 
 retcode : 0
DEBUG 2016-05-26 04:15:03,228: 	 Myproxy is valid: 2248771
DEBUG 2016-05-26 04:15:03,228: 	 Command use: status
DEBUG 2016-05-26 04:15:03,228: 	 Options use: ['-d', 'crab_projects/crab_ttH_Analyzer_ntuple_tau_tau', '--long']
DEBUG 2016-05-26 04:15:03,662: 	 CRABClient version: 3.3.1605
DEBUG 2016-05-26 04:15:03,662: 	 Instance is prod
DEBUG 2016-05-26 04:15:03,662: 	 Server base url is cmsweb.cern.ch
DEBUG 2016-05-26 04:15:03,662: 	 Command url /crabserver/prod/workflow
DEBUG 2016-05-26 04:15:03,662: 	 Looking up detailed status of task 160526_014815:abdatta_crab_ttH_Analyzer_ntuple_tau_tau
DEBUG 2016-05-26 04:15:06,097: 	 {'status': 'SUBMITTED', 'schedd': 'crab3test-3@vocms096.cern.ch', 'jobsPerStatus': {'running': 1}, 'jobs': {'1': {'Retries': 0, 'WallDurations': [9.0], 'StartTimes': [1464228642.0], 'SubmitTimes': [1464227387.0], 'JobIds': ['10738250.0'], 'EndTimes': [], 'Restarts': 0, 'RecordedSite': True, 'State': 'running', 'ResidentSetSize': [35260], 'TotalUserCpuTimeHistory': [0.0], 'SiteHistory': ['T3_US_Cornell'], 'TotalSysCpuTimeHistory': [0.0]}}, 'publication': {}, 'taskWarningMsg': [], 'publicationFailures': {}, 'outdatasets': None, 'statusFailureMsg': '', 'taskFailureMsg': '', 'failedJobdefs': 0, 'command': 'SUBMIT', 'totalJobdefs': 0, 'ASOURL': 'https://cmsweb.cern.ch/couchdb2', 'jobdefErrors': [], 'collector': 'cmsgwms-collector-global.cern.ch,cmssrv221.fnal.gov', 'jobList': [['running', 1]]}
INFO 2016-05-26 04:15:06,097: 	 CRAB project directory:		/afs/cern.ch/user/a/abdatta/test/CMSSW_7_6_3_patch2/src/Analyzers/crab_projects/crab_ttH_Analyzer_ntuple_tau_tau
INFO 2016-05-26 04:15:06,097: 	 Task name:			160526_014815:abdatta_crab_ttH_Analyzer_ntuple_tau_tau
INFO 2016-05-26 04:15:06,097: 	 Grid scheduler:			crab3test-3@vocms096.cern.ch
INFO 2016-05-26 04:15:06,097: 	 Task status:			SUBMITTED
INFO 2016-05-26 04:15:06,098: 	 Dashboard monitoring URL:	http://dashb-cms-job.cern.ch/dashboard/templates/task-analysis/#user=crab&refresh=0&table=Jobs&p=1&records=25&activemenu=2&status=&site=&tid=160526_014815%3Aabdatta_crab_ttH_Analyzer_ntuple_tau_tau
INFO 2016-05-26 04:15:06,098: 	 
Jobs status:			running       100.0% (1/1)
INFO 2016-05-26 04:15:06,098: 	 
No publication information available yet
INFO 2016-05-26 04:15:06,098: 	 
Extended Job Status Table:

 Job State        Most Recent Site        Runtime   Mem (MB)      CPU %    Retries   Restarts      Waste       Exit Code
   1 running      T3_US_Cornell           0:00:09         34          0          0          0    0:00:00         Unknown
DEBUG 2016-05-26 04:15:06,098: 	 
 Job Cluster Id
   1 ['10738250.0']
INFO 2016-05-26 04:15:06,099: 	 
Summary:
 * Memory: 34MB min, 34MB max, 34MB ave
 * Runtime: 0:00:09 min, 0:00:09 max, 0:00:09 ave
 * CPU eff: 0% min, 0% max, 0% ave
 * Waste: 0:00:00 (0% of total)

INFO 2016-05-26 04:15:06,104: 	 Log file is /afs/cern.ch/user/a/abdatta/test/CMSSW_7_6_3_patch2/src/Analyzers/crab_projects/crab_ttH_Analyzer_ntuple_tau_tau/crab.log
DEBUG 2016-05-26 04:37:27,281: 	 Executing command: 'status'
DEBUG 2016-05-26 04:37:27,281: 	 Found CRAB cache file /afs/cern.ch/user/a/abdatta/.crab3
DEBUG 2016-05-26 04:37:27,324: 	 Checking credentials
DEBUG 2016-05-26 04:37:27,325: 	 Found proxy file /tmp/x509up_u86432
DEBUG 2016-05-26 04:37:27,325: 	 Getting proxy life time left
DEBUG 2016-05-26 04:37:27,831: 	 Executing : 
 command : voms-proxy-info -file /tmp/x509up_u86432 -timeleft
 output : 83432

 error: 
 retcode : 0
DEBUG 2016-05-26 04:37:28,335: 	 Executing : 
 command : voms-proxy-info -file /tmp/x509up_u86432 -actimeleft
 output : 83431

 error: 
 retcode : 0
DEBUG 2016-05-26 04:37:28,335: 	 Proxy valid for 23:10:32 hours
DEBUG 2016-05-26 04:37:28,453: 	 Executing : 
 command : openssl x509 -in ~/.globus/usercert.pem -subject -noout
 output : subject= /DC=ch/DC=cern/OU=Organic Units/OU=Users/CN=abdatta/CN=784482/CN=Abhisek Datta

 error: 
 retcode : 0
DEBUG 2016-05-26 04:37:28,453: 	 Checking credentials
DEBUG 2016-05-26 04:37:28,453: 	 Found proxy file /tmp/x509up_u86432
DEBUG 2016-05-26 04:37:28,453: 	 Getting proxy life time left
DEBUG 2016-05-26 04:37:28,958: 	 Executing : 
 command : voms-proxy-info -file /tmp/x509up_u86432 -timeleft
 output : 83431

 error: 
 retcode : 0
DEBUG 2016-05-26 04:37:29,462: 	 Executing : 
 command : voms-proxy-info -file /tmp/x509up_u86432 -actimeleft
 output : 83430

 error: 
 retcode : 0
DEBUG 2016-05-26 04:37:29,462: 	 Proxy valid for 23:10:31 hours
DEBUG 2016-05-26 04:37:29,864: 	 Registering user credentials for server /DC=ch/DC=cern/OU=computers/CN=vocms(045|052|021|031|0118|0118a|0119).cern.ch
DEBUG 2016-05-26 04:37:29,975: 	 Executing : 
 command : openssl x509 -in ~/.globus/usercert.pem -subject -noout
 output : subject= /DC=ch/DC=cern/OU=Organic Units/OU=Users/CN=abdatta/CN=784482/CN=Abhisek Datta

 error: 
 retcode : 0
DEBUG 2016-05-26 04:37:29,975: 	 Getting myproxy life time left for myproxy.cern.ch
DEBUG 2016-05-26 04:37:29,975: 	 Calculating hash of /DC=ch/DC=cern/OU=Organic Units/OU=Users/CN=abdatta/CN=784482/CN=Abhisek Datta_cmsweb.cern.ch for credential name
DEBUG 2016-05-26 04:37:30,479: 	 Executing : 
 command : myproxy-info -l 147b8c3da9d23579848826476626ada93092acc2 -s myproxy.cern.ch
 output : username: 147b8c3da9d23579848826476626ada93092acc2
owner: /DC=ch/DC=cern/OU=Organic Units/OU=Users/CN=abdatta/CN=784482/CN=Abhisek Datta
  renewal policy: /DC=ch/DC=cern/OU=computers/CN=vocms(045|052|021|031|0118|0118a|0119).cern.ch
  trusted retrieval policy: /DC=ch/DC=cern/OU=computers/CN=vocms(045|052|021|031|0118|0118a|0119).cern.ch
  timeleft: 624:17:04  (26.0 days)

 error: 
 retcode : 0
DEBUG 2016-05-26 04:37:30,480: 	 Myproxy is valid: 2247424
DEBUG 2016-05-26 04:37:30,481: 	 Command use: status
DEBUG 2016-05-26 04:37:30,481: 	 Options use: ['-d', 'crab_projects/crab_ttH_Analyzer_ntuple_tau_tau', '--long']
DEBUG 2016-05-26 04:37:30,851: 	 CRABClient version: 3.3.1605
DEBUG 2016-05-26 04:37:30,851: 	 Instance is prod
DEBUG 2016-05-26 04:37:30,851: 	 Server base url is cmsweb.cern.ch
DEBUG 2016-05-26 04:37:30,851: 	 Command url /crabserver/prod/workflow
DEBUG 2016-05-26 04:37:30,851: 	 Looking up detailed status of task 160526_014815:abdatta_crab_ttH_Analyzer_ntuple_tau_tau
DEBUG 2016-05-26 04:37:33,503: 	 {'status': 'COMPLETED', 'schedd': 'crab3test-3@vocms096.cern.ch', 'jobsPerStatus': {'finished': 1}, 'jobs': {'1': {'Retries': 0, 'WallDurations': [1212.0], 'StartTimes': [1464228642.0], 'SubmitTimes': [1464227387.0], 'JobIds': ['10738250.0'], 'EndTimes': [1464229854.0], 'Restarts': 0, 'RecordedSite': True, 'State': 'finished', 'ResidentSetSize': [558852], 'TotalUserCpuTimeHistory': [656], 'SiteHistory': ['T3_US_Cornell'], 'TotalSysCpuTimeHistory': [15]}}, 'publication': {}, 'taskWarningMsg': [], 'publicationFailures': {}, 'outdatasets': None, 'statusFailureMsg': '', 'taskFailureMsg': '', 'failedJobdefs': 0, 'command': 'SUBMIT', 'totalJobdefs': 0, 'ASOURL': 'https://cmsweb.cern.ch/couchdb2', 'jobdefErrors': [], 'collector': 'cmsgwms-collector-global.cern.ch,cmssrv221.fnal.gov', 'jobList': [['finished', 1]]}
INFO 2016-05-26 04:37:33,503: 	 CRAB project directory:		/afs/cern.ch/user/a/abdatta/test/CMSSW_7_6_3_patch2/src/Analyzers/crab_projects/crab_ttH_Analyzer_ntuple_tau_tau
INFO 2016-05-26 04:37:33,503: 	 Task name:			160526_014815:abdatta_crab_ttH_Analyzer_ntuple_tau_tau
INFO 2016-05-26 04:37:33,504: 	 Grid scheduler:			crab3test-3@vocms096.cern.ch
INFO 2016-05-26 04:37:33,504: 	 Task status:			COMPLETED
INFO 2016-05-26 04:37:33,504: 	 Dashboard monitoring URL:	http://dashb-cms-job.cern.ch/dashboard/templates/task-analysis/#user=crab&refresh=0&table=Jobs&p=1&records=25&activemenu=2&status=&site=&tid=160526_014815%3Aabdatta_crab_ttH_Analyzer_ntuple_tau_tau
INFO 2016-05-26 04:37:33,504: 	 
Jobs status:			finished      100.0% (1/1)
INFO 2016-05-26 04:37:33,504: 	 
No publication information available yet
INFO 2016-05-26 04:37:33,504: 	 
Extended Job Status Table:

 Job State        Most Recent Site        Runtime   Mem (MB)      CPU %    Retries   Restarts      Waste       Exit Code
   1 finished     T3_US_Cornell           0:20:12        545         55          0          0    0:00:00               0
DEBUG 2016-05-26 04:37:33,504: 	 
 Job Cluster Id
   1 ['10738250.0']
INFO 2016-05-26 04:37:33,504: 	 
Summary:
 * Memory: 545MB min, 545MB max, 546MB ave
 * Runtime: 0:20:12 min, 0:20:12 max, 0:20:12 ave
 * CPU eff: 55% min, 55% max, 55% ave
 * Waste: 0:00:00 (0% of total)

INFO 2016-05-26 04:37:33,508: 	 Log file is /afs/cern.ch/user/a/abdatta/test/CMSSW_7_6_3_patch2/src/Analyzers/crab_projects/crab_ttH_Analyzer_ntuple_tau_tau/crab.log
